0 info it worked if it ends with ok
1 verbose cli [ 'C:\\Program Files\\nodejs\\node.exe',
1 verbose cli   'C:\\Program Files\\nodejs\\node_modules\\npm\\bin\\npm-cli.js',
1 verbose cli   'run',
1 verbose cli   'bundle' ]
2 info using npm@3.10.10
3 info using node@v6.11.0
4 verbose run-script [ 'prebundle', 'bundle', 'postbundle' ]
5 info lifecycle client@1.0.0~prebundle: client@1.0.0
6 silly lifecycle client@1.0.0~prebundle: no script for prebundle, continuing
7 info lifecycle client@1.0.0~bundle: client@1.0.0
8 verbose lifecycle client@1.0.0~bundle: unsafe-perm in lifecycle true
9 verbose lifecycle client@1.0.0~bundle: PATH: C:\Program Files\nodejs\node_modules\npm\bin\node-gyp-bin;C:\Users\Malaysia\Programming\RustBLAST\Rust-BLAST\client\node_modules\.bin;C:\Users\Malaysia\bin;C:\Program Files\Git\mingw64\bin;C:\Program Files\Git\usr\local\bin;C:\Program Files\Git\usr\bin;C:\Program Files\Git\usr\bin;C:\Program Files\Git\mingw64\bin;C:\Program Files\Git\usr\bin;C:\Users\Malaysia\bin;C:\Program Files\NVIDIA GPU Computing Toolkit\CUDA\v8.0\bin;C:\Program Files\NVIDIA GPU Computing Toolkit\CUDA\v8.0\libnvvp;C:\ProgramData\Oracle\Java\javapath;C:\Windows\system32;C:\Windows;C:\Windows\System32\Wbem;C:\Windows\System32\WindowsPowerShell\v1.0;C:\Users\Malaysia\.dnx\bin;C:\Program Files\Microsoft DNX\Dnvm;C:\Program Files (x86)\Windows Kits\10\Windows Performance Toolkit;C:\adb;C:\Program Files\Common Files\Autodesk Shared;C:\Program Files (x86)\Autodesk\Backburner;C:\Program Files\LuxRender;C:\WINDOWS\system32;C:\WINDOWS;C:\WINDOWS\System32\Wbem;C:\WINDOWS\System32\WindowsPowerShell\v1.0;C:\Program Files (x86)\Skype\Phone;C:\Program Files\nodejs;C:\Program Files\Git\cmd;C:\Program Files (x86)\GtkSharp\2.12\bin;C:\Program Files (x86)\NVIDIA Corporation\PhysX\Common;C:\Program Files\Geth;%SystemRoot%\system32;%SystemRoot%;%SystemRoot%\System32\Wbem;%SYSTEMROOT%\System32\WindowsPowerShell\v1.0;C:\Users\Malaysia\AppData\Local\Programs\Python\Python36\Scripts;C:\Users\Malaysia\AppData\Local\Programs\Python\Python36;C:\Users\Malaysia\.cargo\bin;C:\Ruby23-x64\bin;C:\Python34;C:\Program Files\CMake\bin;C:\GLEW\bin;C:\Users\Malaysia\AppData\Local\Microsoft\WindowsApps;C:\Users\Malaysia\AppData\Local\atom\bin;C:\Users\Malaysia\AppData\Roaming\npm;C:\Program Files\Git\usr\bin\vendor_perl;C:\Program Files\Git\usr\bin\core_perl
10 verbose lifecycle client@1.0.0~bundle: CWD: C:\Users\Malaysia\Programming\RustBLAST\Rust-BLAST\client
11 silly lifecycle client@1.0.0~bundle: Args: [ '/d /s /c', 'webpack --config ./webpack.dev.config.js' ]
12 silly lifecycle client@1.0.0~bundle: Returned: code: 1  signal: null
13 info lifecycle client@1.0.0~bundle: Failed to exec bundle script
14 verbose stack Error: client@1.0.0 bundle: `webpack --config ./webpack.dev.config.js`
14 verbose stack Exit status 1
14 verbose stack     at EventEmitter.<anonymous> (C:\Program Files\nodejs\node_modules\npm\lib\utils\lifecycle.js:255:16)
14 verbose stack     at emitTwo (events.js:106:13)
14 verbose stack     at EventEmitter.emit (events.js:191:7)
14 verbose stack     at ChildProcess.<anonymous> (C:\Program Files\nodejs\node_modules\npm\lib\utils\spawn.js:40:14)
14 verbose stack     at emitTwo (events.js:106:13)
14 verbose stack     at ChildProcess.emit (events.js:191:7)
14 verbose stack     at maybeClose (internal/child_process.js:891:16)
14 verbose stack     at Process.ChildProcess._handle.onexit (internal/child_process.js:226:5)
15 verbose pkgid client@1.0.0
16 verbose cwd C:\Users\Malaysia\Programming\RustBLAST\Rust-BLAST\client
17 error Windows_NT 10.0.16299
18 error argv "C:\\Program Files\\nodejs\\node.exe" "C:\\Program Files\\nodejs\\node_modules\\npm\\bin\\npm-cli.js" "run" "bundle"
19 error node v6.11.0
20 error npm  v3.10.10
21 error code ELIFECYCLE
22 error client@1.0.0 bundle: `webpack --config ./webpack.dev.config.js`
22 error Exit status 1
23 error Failed at the client@1.0.0 bundle script 'webpack --config ./webpack.dev.config.js'.
23 error Make sure you have the latest version of node.js and npm installed.
23 error If you do, this is most likely a problem with the client package,
23 error not with npm itself.
23 error Tell the author that this fails on your system:
23 error     webpack --config ./webpack.dev.config.js
23 error You can get information on how to open an issue for this project with:
23 error     npm bugs client
23 error Or if that isn't available, you can get their info via:
23 error     npm owner ls client
23 error There is likely additional logging output above.
24 verbose exit [ 1, true ]
